#
# A fatal error has been detected by the Java Runtime Environment:
#
#  EXCEPTION_ACCESS_VIOLATION (0xc0000005) at pc=0x0000000063344164, pid=7744, tid=9112
#
# JRE version: Java(TM) SE Runtime Environment (8.0_65-b17) (build 1.8.0_65-b17)
# Java VM: Java HotSpot(TM) 64-Bit Server VM (25.65-b01 mixed mode windows-amd64 compressed oops)
# Problematic frame:
# V  [jvm.dll+0x234164]
#
# Failed to write core dump. Minidumps are not enabled by default on client versions of Windows
#
# If you would like to submit a bug report, please visit:
#   http://bugreport.java.com/bugreport/crash.jsp
#

---------------  T H R E A D  ---------------

Current thread (0x0000000000cb3000):  JavaThread "main" [_thread_in_vm, id=9112, stack(0x0000000001000000,0x0000000001100000)]

siginfo: ExceptionCode=0xc0000005, writing address 0x00000000636fbd1b

Registers:
RAX=0x00000000636fbd98, RBX=0x00000000010fa730, RCX=0x00000000010fa730, RDX=0x0000000000000001
RSP=0x00000000010fa590, RBP=0x00000000010fa800, RSI=0x0000000000000006, RDI=0x00000000ffffffff
R8 =0x0000000063187a70, R9 =0x0000000057d85dc0, R10=0x000000005ab58608, R11=0x00000000010fa7e0
R12=0x000000005ab5c9d0, R13=0x00000000000000b6, R14=0x00000000010fa7d0, R15=0x00000000000000b6
RIP=0x0000000063344164, EFLAGS=0x0000000000010286

Top of Stack: (sp=0x00000000010fa590)
0x00000000010fa590:   00000000010fa5c0 0000000000000006
0x00000000010fa5a0:   000006cebaa455e1 0000000000cb3000
0x00000000010fa5b0:   0000000000000006 00000000633445fc
0x00000000010fa5c0:   00000000010fa730 0000000000cb3000
0x00000000010fa5d0:   00000000010fa850 0000000000c6cfc0
0x00000000010fa5e0:   0000000057d85dc0 0000000000cfb710
0x00000000010fa5f0:   00000000010fa6f0 00000000631d1b67
0x00000000010fa600:   000000005ad2b280 0000000000cb3000
0x00000000010fa610:   0000000013625508 0000000000cb3000
0x00000000010fa620:   0000000013625508 0000000000000101
0x00000000010fa630:   0000000000cb3000 0000000000cb3000
0x00000000010fa640:   000000005ad2b280 0000000000cb3000
0x00000000010fa650:   000000005ad2b280 0000000000cb3000
0x00000000010fa660:   0000000013625508 0000000013625508
0x00000000010fa670:   0000000000cb3000 00000000135e3480
0x00000000010fa680:   00000000010fa7a0 00000000631d24e2 

Instructions: (pc=0x0000000063344164)
0x0000000063344144:   ff c0 44 89 43 10 42 80 7c 08 08 3b 75 ee 48 8b
0x0000000063344154:   03 48 8b cb ff 50 48 83 7b 14 00 7d 07 c7 43 18
0x0000000063344164:   0c 00 00 00 bf 01 00 00 00 8b c7 48 8b 5c 24 30
0x0000000063344174:   48 83 c4 20 5f c3 44 8d 51 01 49 63 c2 44 89 53 


Register to memory mapping:

RAX=0x00000000636fbd98 is an unknown value
RBX=0x00000000010fa730 is pointing into the stack for thread: 0x0000000000cb3000
RCX=0x00000000010fa730 is pointing into the stack for thread: 0x0000000000cb3000
RDX=0x0000000000000001 is an unknown value
RSP=0x00000000010fa590 is pointing into the stack for thread: 0x0000000000cb3000
RBP=0x00000000010fa800 is pointing into the stack for thread: 0x0000000000cb3000
RSI=0x0000000000000006 is an unknown value
RDI=0x00000000ffffffff is an unallocated location in the heap
R8 =0x0000000063187a70 is an unknown value
R9 =0x0000000057d85dc0 is an unknown value
R10=0x000000005ab58608 is pointing into metadata
R11=0x00000000010fa7e0 is pointing into the stack for thread: 0x0000000000cb3000
R12=0x000000005ab5c9d0 is pointing into metadata
R13=0x00000000000000b6 is an unknown value
R14=0x00000000010fa7d0 is pointing into the stack for thread: 0x0000000000cb3000
R15=0x00000000000000b6 is an unknown value


Stack: [0x0000000001000000,0x0000000001100000],  sp=0x00000000010fa590,  free space=1001k
Native frames: (J=compiled Java code, j=interpreted, Vv=VM code, C=native code)
V  [jvm.dll+0x234164]
V  [jvm.dll+0x2345fc]
V  [jvm.dll+0x128f6c]
V  [jvm.dll+0xfa196]
V  [jvm.dll+0xfad4c]
V  [jvm.dll+0xbb3be]
C  0x00000000013f194c

Java frames: (J=compiled Java code, j=interpreted, Vv=VM code)
j  sun.security.x509.X509CertInfo.get(Ljava/lang/String;)Ljava/lang/Object;+137
j  sun.security.x509.X509CertImpl.get(Ljava/lang/String;)Ljava/lang/Object;+105
j  sun.security.x509.X509CertImpl.getKeyUsage()[Z+15
j  sun.security.pkcs.SignerInfo.verify(Lsun/security/pkcs/PKCS7;[B)Lsun/security/pkcs/SignerInfo;+237
j  sun.security.pkcs.PKCS7.verify(Lsun/security/pkcs/SignerInfo;[B)Lsun/security/pkcs/SignerInfo;+3
j  sun.security.pkcs.PKCS7.verify([B)[Lsun/security/pkcs/SignerInfo;+27
j  sun.security.util.SignatureFileVerifier.processImpl(Ljava/util/Hashtable;Ljava/util/List;)V+59
j  sun.security.util.SignatureFileVerifier.process(Ljava/util/Hashtable;Ljava/util/List;)V+9
j  java.util.jar.JarVerifier.processEntry(Lsun/security/util/ManifestEntryVerifier;)V+384
j  java.util.jar.JarVerifier.update(I[BIILsun/security/util/ManifestEntryVerifier;)V+39
j  java.util.jar.JarFile.initializeVerifier()V+143
J 700 C1 java.util.jar.JarFile.getInputStream(Ljava/util/zip/ZipEntry;)Ljava/io/InputStream; (89 bytes) @ 0x00000000016d268c [0x00000000016d24a0+0x1ec]
J 687 C1 sun.misc.URLClassPath$JarLoader$2.getInputStream()Ljava/io/InputStream; (15 bytes) @ 0x00000000016d77dc [0x00000000016d76c0+0x11c]
J 810 C1 java.net.URLClassLoader.defineClass(Ljava/lang/String;Lsun/misc/Resource;)Ljava/lang/Class; (142 bytes) @ 0x0000000001726414 [0x0000000001725cc0+0x754]
J 653 C1 java.net.URLClassLoader$1.run()Ljava/lang/Class; (63 bytes) @ 0x00000000016b91d4 [0x00000000016b8f20+0x2b4]
J 418 C1 java.net.URLClassLoader$1.run()Ljava/lang/Object; (5 bytes) @ 0x00000000015fe94c [0x00000000015fe8c0+0x8c]
v  ~StubRoutines::call_stub
J 417  java.security.AccessController.doPrivileged(Ljava/security/PrivilegedExceptionAction;Ljava/security/AccessControlContext;)Ljava/lang/Object; (0 bytes) @ 0x00000000015fe566 [0x00000000015fe500+0x66]
J 2137 C2 java.lang.ClassLoader.loadClass(Ljava/lang/String;Z)Ljava/lang/Class; (122 bytes) @ 0x0000000001bb2198 [0x0000000001bb1ae0+0x6b8]
J 414 C1 sun.misc.Launcher$AppClassLoader.loadClass(Ljava/lang/String;Z)Ljava/lang/Class; (85 bytes) @ 0x00000000015fce0c [0x00000000015fc480+0x98c]
J 413 C1 java.lang.ClassLoader.loadClass(Ljava/lang/String;)Ljava/lang/Class; (7 bytes) @ 0x00000000015fc0c4 [0x00000000015fbfc0+0x104]
j  sun.security.jca.ProviderConfig$2.run()Ljava/security/Provider;+50
j  sun.security.jca.ProviderConfig$2.run()Ljava/lang/Object;+1
v  ~StubRoutines::call_stub
J 1005  java.security.AccessController.doPrivileged(Ljava/security/PrivilegedAction;)Ljava/lang/Object; (0 bytes) @ 0x00000000017cfe92 [0x00000000017cfe40+0x52]
j  sun.security.jca.ProviderConfig.doLoadProvider()Ljava/security/Provider;+8
j  sun.security.jca.ProviderConfig.getProvider()Ljava/security/Provider;+88
j  sun.security.jca.ProviderList.getProvider(I)Ljava/security/Provider;+6
j  sun.security.jca.ProviderList.getIndex(Ljava/lang/String;)I+13
j  sun.security.jca.ProviderList.getProviderConfig(Ljava/lang/String;)Lsun/security/jca/ProviderConfig;+2
j  sun.security.jca.ProviderList.getProvider(Ljava/lang/String;)Ljava/security/Provider;+2
j  java.security.Security.getProvider(Ljava/lang/String;)Ljava/security/Provider;+4
j  com.oracle.common.internal.security.SecurityProvider.ensureRegistration()V+8
j  com.oracle.common.net.SSLSocketProvider$DefaultDependencies.<clinit>()V+0
v  ~StubRoutines::call_stub
j  com.tangosol.net.SocketProviderFactory$DefaultDependencies.<init>()V+139
j  com.tangosol.internal.net.LegacyXmlSocketProviderFactoryDependencies.<init>(Lcom/tangosol/run/xml/XmlElement;)V+1
j  com.tangosol.internal.net.cluster.LegacyXmlClusterDependencies.configureSocketProviders(Lcom/tangosol/run/xml/XmlElement;)V+13
j  com.tangosol.internal.net.cluster.LegacyXmlClusterDependencies.fromXml(Lcom/tangosol/run/xml/XmlElement;)Lcom/tangosol/internal/net/cluster/LegacyXmlClusterDependencies;+112
j  com.tangosol.coherence.component.util.SafeCluster.configure(Lcom/tangosol/run/xml/XmlElement;)V+9
j  com.tangosol.coherence.component.util.SafeCluster.ensureDependencies()Lcom/tangosol/net/ClusterDependencies;+21
j  com.tangosol.coherence.component.util.SafeCluster.getSurrogateMember()Lcom/tangosol/coherence/component/net/Member;+27
j  com.tangosol.coherence.component.util.SafeCluster.getLocalMember()Lcom/tangosol/net/Member;+21
j  com.tangosol.coherence.component.util.SafeService.register()V+59
j  com.tangosol.coherence.component.util.SafeService.ensureRunningService()Lcom/tangosol/net/Service;+240
j  com.tangosol.coherence.component.util.SafeService.start()V+39
j  com.tangosol.net.DefaultConfigurableCacheFactory.startService(Lcom/tangosol/net/Service;)V+1
j  com.tangosol.net.DefaultConfigurableCacheFactory.ensureServiceInternal(Lcom/tangosol/run/xml/XmlElement;)Lcom/tangosol/net/Service;+689
j  com.tangosol.net.DefaultConfigurableCacheFactory.ensureService(Lcom/tangosol/run/xml/XmlElement;)Lcom/tangosol/net/Service;+9
j  com.tangosol.net.DefaultConfigurableCacheFactory.ensureCache(Lcom/tangosol/net/DefaultConfigurableCacheFactory$CacheInfo;Lcom/tangosol/run/xml/XmlElement;Ljava/lang/ClassLoader;)Lcom/tangosol/net/NamedCache;+2
j  com.tangosol.net.DefaultConfigurableCacheFactory.configureCache(Lcom/tangosol/net/DefaultConfigurableCacheFactory$CacheInfo;Lcom/tangosol/run/xml/XmlElement;Ljava/lang/ClassLoader;)Lcom/tangosol/net/NamedCache;+136
j  com.tangosol.net.DefaultConfigurableCacheFactory.ensureCache(Ljava/lang/String;Ljava/lang/ClassLoader;)Lcom/tangosol/net/NamedCache;+219
j  oracle.mds.internal.cache.coherence.CoherenceCache.initNamedCache()V+199
j  oracle.mds.internal.cache.coherence.CoherenceCache.<init>(Ljava/lang/String;JI)V+107
j  oracle.mds.internal.cache.coherence.CoherenceCacheProvider.<init>(Loracle/mds/config/CacheConfig;Ljava/lang/String;)V+79
j  oracle.mds.core.MDSInstance.createCacheProvider(Loracle/mds/internal/cache/CacheProvider;Loracle/mds/config/CacheConfig;Loracle/mds/core/MDSInstance$CacheType;Ljava/lang/String;)Loracle/mds/internal/cache/CacheProvider;+37
j  oracle.mds.core.MDSInstance.initCache()V+134
j  oracle.mds.core.MDSInstance.<init>(Loracle/mds/config/MDSConfig;Ljava/lang/String;ZLoracle/mds/naming/DocumentName;)V+129
j  oracle.mds.core.MDSInstance.createAndStoreMDSInstance(Loracle/mds/config/MDSConfig;Ljava/lang/String;ZLoracle/mds/multitenancy/TenantId;Loracle/mds/naming/DocumentName;)Loracle/mds/core/MDSInstance;+107
j  oracle.mds.core.MDSInstance.findAndStoreMDSInstance(Ljava/lang/String;Loracle/mds/config/MDSConfig;ZLoracle/mds/multitenancy/TenantId;)Loracle/mds/core/MDSInstance;+112
j  oracle.mds.core.MDSInstance.getOrCreateInstanceInternal(Ljava/lang/String;Loracle/mds/config/MDSConfig;ZLoracle/mds/multitenancy/TenantId;)Loracle/mds/core/MDSInstance;+49
j  oracle.mds.core.MDSInstance.getOrCreateInstance(Ljava/lang/String;Loracle/mds/config/MDSConfig;ZLoracle/mds/multitenancy/TenantId;)Loracle/mds/core/MDSInstance;+27
j  oracle.mds.core.MDSInstance.getOrCreateInstance(Ljava/lang/String;Loracle/mds/config/MDSConfig;Loracle/mds/multitenancy/TenantId;)Loracle/mds/core/MDSInstance;+4
j  oracle.integration.platform.common.MDSUtil.getMDSInstance(Ljava/lang/String;)Loracle/mds/core/MDSInstance;+42
j  oracle.integration.platform.common.MDSMetadataManagerImpl.getMDSInstance(Loracle/integration/platform/common/MDSUtil;Ljava/lang/String;)Loracle/mds/core/MDSInstance;+162
j  oracle.integration.platform.common.MDSMetadataManagerImpl.init(Ljava/lang/String;Ljava/io/File;ZLoracle/fabric/composite/model/ModuleModel$Type;Z)V+208
j  oracle.integration.platform.common.MDSMetadataManagerImpl.init(Ljava/lang/String;Ljava/io/File;Loracle/fabric/composite/model/ModuleModel$Type;Z)V+7
j  oracle.integration.platform.common.MDSMetadataManagerImpl.<init>(Loracle/fabric/composite/model/ModuleModel;ZZ)V+90
v  ~StubRoutines::call_stub
j  sun.reflect.NativeConstructorAccessorImpl.newInstance0(Ljava/lang/reflect/Constructor;[Ljava/lang/Object;)Ljava/lang/Object;+0
j  sun.reflect.NativeConstructorAccessorImpl.newInstance([Ljava/lang/Object;)Ljava/lang/Object;+85
j  sun.reflect.DelegatingConstructorAccessorImpl.newInstance([Ljava/lang/Object;)Ljava/lang/Object;+5
j  java.lang.reflect.Constructor.newInstance([Ljava/lang/Object;)Ljava/lang/Object;+79
j  oracle.fabric.common.FabricMetadataManagerFactory.createMetadataManager(Ljava/io/File;[Ljava/lang/Class;[Ljava/lang/Object;)Loracle/fabric/common/MetadataManager;+44
j  oracle.fabric.common.FabricMetadataManagerFactory.createMetadataManager(Loracle/fabric/composite/model/ModuleModel;Z)Loracle/fabric/common/MetadataManager;+103
j  oracle.fabric.composite.model.ModuleConfigModel.initializeMetadataManager(Z)V+15
j  oracle.fabric.composite.model.CompositeModel.getClientMetadataManager(Z)Loracle/fabric/common/MetadataManager;+40
j  oracle.soa.scac.ValidateComposite.loadComposite()Z+291
j  oracle.soa.scac.ValidateComposite.doValidation()V+61
j  oracle.soa.scac.ValidateComposite.run0([Ljava/lang/String;)V+17
j  oracle.soa.scac.ValidateComposite.run([Ljava/lang/String;)I+9
j  oracle.soa.scac.ValidateComposite.main([Ljava/lang/String;)V+13
v  ~StubRoutines::call_stub

---------------  P R O C E S S  ---------------

Java Threads: ( => current thread )
  0x000000005817a800 JavaThread "Logger@1374217958 12.1.3.0.0" daemon [_thread_blocked, id=14888, stack(0x0000000058dc0000,0x0000000058ec0000)]
  0x0000000053d3f000 JavaThread "Service Thread" daemon [_thread_blocked, id=3832, stack(0x0000000055c40000,0x0000000055d40000)]
  0x0000000054fc3000 JavaThread "C1 CompilerThread2" daemon [_thread_blocked, id=1228, stack(0x0000000055af0000,0x0000000055bf0000)]
  0x0000000054fbe800 JavaThread "C2 CompilerThread1" daemon [_thread_blocked, id=468, stack(0x00000000559a0000,0x0000000055aa0000)]
  0x0000000054fb8800 JavaThread "C2 CompilerThread0" daemon [_thread_blocked, id=11680, stack(0x0000000055830000,0x0000000055930000)]
  0x0000000054fca800 JavaThread "Attach Listener" daemon [_thread_blocked, id=9428, stack(0x0000000055660000,0x0000000055760000)]
  0x0000000053d39800 JavaThread "Signal Dispatcher" daemon [_thread_blocked, id=16252, stack(0x0000000055440000,0x0000000055540000)]
  0x0000000053ce2800 JavaThread "Finalizer" daemon [_thread_blocked, id=17192, stack(0x0000000054eb0000,0x0000000054fb0000)]
  0x0000000053cdb800 JavaThread "Reference Handler" daemon [_thread_blocked, id=3692, stack(0x0000000054d70000,0x0000000054e70000)]
=>0x0000000000cb3000 JavaThread "main" [_thread_in_vm, id=9112, stack(0x0000000001000000,0x0000000001100000)]

Other Threads:
  0x0000000053cd5800 VMThread [stack: 0x0000000054c00000,0x0000000054d00000] [id=14828]
  0x0000000055112000 WatcherThread [stack: 0x0000000055e80000,0x0000000055f80000] [id=12052]

VM state:not at safepoint (normal execution)

VM Mutex/Monitor currently owned by a thread: None

Heap:
 PSYoungGen      total 138240K, used 34100K [0x00000000eab00000, 0x00000000f3700000, 0x0000000100000000)
  eden space 133120K, 25% used [0x00000000eab00000,0x00000000ecc4d3f8,0x00000000f2d00000)
  from space 5120K, 0% used [0x00000000f3200000,0x00000000f3200000,0x00000000f3700000)
  to   space 5120K, 0% used [0x00000000f2d00000,0x00000000f2d00000,0x00000000f3200000)
 ParOldGen       total 87552K, used 10211K [0x00000000c0000000, 0x00000000c5580000, 0x00000000eab00000)
  object space 87552K, 11% used [0x00000000c0000000,0x00000000c09f8c40,0x00000000c5580000)
 Metaspace       used 25000K, capacity 25182K, committed 25600K, reserved 1071104K
  class space    used 2945K, capacity 2992K, committed 3072K, reserved 1048576K

Card table byte_map: [0x0000000010790000,0x00000000109a0000] byte_map_base: 0x0000000010190000

Marking Bits: (ParMarkBitMap*) 0x000000006391a5b0
 Begin Bits: [0x0000000011140000, 0x0000000012140000)
 End Bits:   [0x0000000012140000, 0x0000000013140000)

Polling page: 0x0000000000130000

CodeCache: size=245760Kb used=8138Kb max_used=8147Kb free=237621Kb
 bounds [0x00000000013d0000, 0x0000000001bd0000, 0x00000000103d0000]
 total_blobs=2568 nmethods=2150 adapters=330
 compilation: enabled

Compilation events (10 events):
Event: 4.085 Thread 0x0000000054fc3000 2152       3       sun.security.util.DerInputStream::available (8 bytes)
Event: 4.085 Thread 0x0000000054fc3000 nmethod 2152 0x0000000001bc6fd0 code [0x0000000001bc7140, 0x0000000001bc74f0]
Event: 4.085 Thread 0x0000000054fc3000 2153  s    3       java.io.ByteArrayInputStream::read (101 bytes)
Event: 4.085 Thread 0x0000000054fc3000 nmethod 2153 0x0000000001bc7610 code [0x0000000001bc77c0, 0x0000000001bc7f08]
Event: 4.085 Thread 0x0000000054fc3000 2154       3       sun.security.util.DerInputStream::<init> (19 bytes)
Event: 4.086 Thread 0x0000000054fc3000 nmethod 2154 0x0000000001bc8110 code [0x0000000001bc8280, 0x0000000001bc8530]
Event: 4.086 Thread 0x0000000054fc3000 2155  s    3       java.io.ByteArrayInputStream::skip (43 bytes)
Event: 4.086 Thread 0x0000000054fc3000 nmethod 2155 0x0000000001bc8650 code [0x0000000001bc87c0, 0x0000000001bc8b30]
Event: 4.086 Thread 0x0000000054fbe800 2156       4       java.lang.AbstractStringBuilder::<init> (12 bytes)
Event: 4.087 Thread 0x0000000054fbe800 nmethod 2156 0x0000000001bb7090 code [0x0000000001bb71e0, 0x0000000001bb72f8]

GC Heap History (10 events):
Event: 1.098 GC heap before
{Heap before GC invocations=1 (full 0):
 PSYoungGen      total 38400K, used 33280K [0x00000000eab00000, 0x00000000ed580000, 0x0000000100000000)
  eden space 33280K, 100% used [0x00000000eab00000,0x00000000ecb80000,0x00000000ecb80000)
  from space 5120K, 0% used [0x00000000ed080000,0x00000000ed080000,0x00000000ed580000)
  to   space 5120K, 0% used [0x00000000ecb80000,0x00000000ecb80000,0x00000000ed080000)
 ParOldGen       total 87552K, used 0K [0x00000000c0000000, 0x00000000c5580000, 0x00000000eab00000)
  object space 87552K, 0% used [0x00000000c0000000,0x00000000c0000000,0x00000000c5580000)
 Metaspace       used 7346K, capacity 7492K, committed 7808K, reserved 1056768K
  class space    used 779K, capacity 816K, committed 896K, reserved 1048576K
Event: 1.111 GC heap after
Heap after GC invocations=1 (full 0):
 PSYoungGen      total 38400K, used 5104K [0x00000000eab00000, 0x00000000ef600000, 0x0000000100000000)
  eden space 33280K, 0% used [0x00000000eab00000,0x00000000eab00000,0x00000000ecb80000)
  from space 5120K, 99% used [0x00000000ecb80000,0x00000000ed07c2e0,0x00000000ed080000)
  to   space 5120K, 0% used [0x00000000ef100000,0x00000000ef100000,0x00000000ef600000)
 ParOldGen       total 87552K, used 1439K [0x00000000c0000000, 0x00000000c5580000, 0x00000000eab00000)
  object space 87552K, 1% used [0x00000000c0000000,0x00000000c0167df0,0x00000000c5580000)
 Metaspace       used 7346K, capacity 7492K, committed 7808K, reserved 1056768K
  class space    used 779K, capacity 816K, committed 896K, reserved 1048576K
}
Event: 1.520 GC heap before
{Heap before GC invocations=2 (full 0):
 PSYoungGen      total 38400K, used 38384K [0x00000000eab00000, 0x00000000ef600000, 0x0000000100000000)
  eden space 33280K, 100% used [0x00000000eab00000,0x00000000ecb80000,0x00000000ecb80000)
  from space 5120K, 99% used [0x00000000ecb80000,0x00000000ed07c2e0,0x00000000ed080000)
  to   space 5120K, 0% used [0x00000000ef100000,0x00000000ef100000,0x00000000ef600000)
 ParOldGen       total 87552K, used 1439K [0x00000000c0000000, 0x00000000c5580000, 0x00000000eab00000)
  object space 87552K, 1% used [0x00000000c0000000,0x00000000c0167df0,0x00000000c5580000)
 Metaspace       used 9619K, capacity 9712K, committed 9856K, reserved 1058816K
  class space    used 1010K, capacity 1042K, committed 1152K, reserved 1048576K
Event: 1.528 GC heap after
Heap after GC invocations=2 (full 0):
 PSYoungGen      total 71680K, used 5116K [0x00000000eab00000, 0x00000000ef600000, 0x0000000100000000)
  eden space 66560K, 0% used [0x00000000eab00000,0x00000000eab00000,0x00000000eec00000)
  from space 5120K, 99% used [0x00000000ef100000,0x00000000ef5ff288,0x00000000ef600000)
  to   space 5120K, 0% used [0x00000000eec00000,0x00000000eec00000,0x00000000ef100000)
 ParOldGen       total 87552K, used 2462K [0x00000000c0000000, 0x00000000c5580000, 0x00000000eab00000)
  object space 87552K, 2% used [0x00000000c0000000,0x00000000c0267a50,0x00000000c5580000)
 Metaspace       used 9619K, capacity 9712K, committed 9856K, reserved 1058816K
  class space    used 1010K, capacity 1042K, committed 1152K, reserved 1048576K
}
Event: 2.767 GC heap before
{Heap before GC invocations=3 (full 0):
 PSYoungGen      total 71680K, used 71676K [0x00000000eab00000, 0x00000000ef600000, 0x0000000100000000)
  eden space 66560K, 100% used [0x00000000eab00000,0x00000000eec00000,0x00000000eec00000)
  from space 5120K, 99% used [0x00000000ef100000,0x00000000ef5ff288,0x00000000ef600000)
  to   space 5120K, 0% used [0x00000000eec00000,0x00000000eec00000,0x00000000ef100000)
 ParOldGen       total 87552K, used 2462K [0x00000000c0000000, 0x00000000c5580000, 0x00000000eab00000)
  object space 87552K, 2% used [0x00000000c0000000,0x00000000c0267a50,0x00000000c5580000)
 Metaspace       used 17928K, capacity 18106K, committed 18304K, reserved 1064960K
  class space    used 2108K, capacity 2153K, committed 2176K, reserved 1048576K
Event: 2.781 GC heap after
Heap after GC invocations=3 (full 0):
 PSYoungGen      total 71680K, used 5100K [0x00000000eab00000, 0x00000000f3700000, 0x0000000100000000)
  eden space 66560K, 0% used [0x00000000eab00000,0x00000000eab00000,0x00000000eec00000)
  from space 5120K, 99% used [0x00000000eec00000,0x00000000ef0fb2a0,0x00000000ef100000)
  to   space 5120K, 0% used [0x00000000f3200000,0x00000000f3200000,0x00000000f3700000)
 ParOldGen       total 87552K, used 9051K [0x00000000c0000000, 0x00000000c5580000, 0x00000000eab00000)
  object space 87552K, 10% used [0x00000000c0000000,0x00000000c08d6e50,0x00000000c5580000)
 Metaspace       used 17928K, capacity 18106K, committed 18304K, reserved 1064960K
  class space    used 2108K, capacity 2153K, committed 2176K, reserved 1048576K
}
Event: 3.200 GC heap before
{Heap before GC invocations=4 (full 0):
 PSYoungGen      total 71680K, used 34094K [0x00000000eab00000, 0x00000000f3700000, 0x0000000100000000)
  eden space 66560K, 43% used [0x00000000eab00000,0x00000000ec7506d0,0x00000000eec00000)
  from space 5120K, 99% used [0x00000000eec00000,0x00000000ef0fb2a0,0x00000000ef100000)
  to   space 5120K, 0% used [0x00000000f3200000,0x00000000f3200000,0x00000000f3700000)
 ParOldGen       total 87552K, used 9051K [0x00000000c0000000, 0x00000000c5580000, 0x00000000eab00000)
  object space 87552K, 10% used [0x00000000c0000000,0x00000000c08d6e50,0x00000000c5580000)
 Metaspace       used 20884K, capacity 21080K, committed 21248K, reserved 1069056K
  class space    used 2478K, capacity 2543K, committed 2560K, reserved 1048576K
Event: 3.212 GC heap after
Heap after GC invocations=4 (full 0):
 PSYoungGen      total 138240K, used 5110K [0x00000000eab00000, 0x00000000f3700000, 0x0000000100000000)
  eden space 133120K, 0% used [0x00000000eab00000,0x00000000eab00000,0x00000000f2d00000)
  from space 5120K, 99% used [0x00000000f3200000,0x00000000f36fd8e0,0x00000000f3700000)
  to   space 5120K, 0% used [0x00000000f2d00000,0x00000000f2d00000,0x00000000f3200000)
 ParOldGen       total 87552K, used 12061K [0x00000000c0000000, 0x00000000c5580000, 0x00000000eab00000)
  object space 87552K, 13% used [0x00000000c0000000,0x00000000c0bc75c8,0x00000000c5580000)
 Metaspace       used 20884K, capacity 21080K, committed 21248K, reserved 1069056K
  class space    used 2478K, capacity 2543K, committed 2560K, reserved 1048576K
}
Event: 3.212 GC heap before
{Heap before GC invocations=5 (full 1):
 PSYoungGen      total 138240K, used 5110K [0x00000000eab00000, 0x00000000f3700000, 0x0000000100000000)
  eden space 133120K, 0% used [0x00000000eab00000,0x00000000eab00000,0x00000000f2d00000)
  from space 5120K, 99% used [0x00000000f3200000,0x00000000f36fd8e0,0x00000000f3700000)
  to   space 5120K, 0% used [0x00000000f2d00000,0x00000000f2d00000,0x00000000f3200000)
 ParOldGen       total 87552K, used 12061K [0x00000000c0000000, 0x00000000c5580000, 0x00000000eab00000)
  object space 87552K, 13% used [0x00000000c0000000,0x00000000c0bc75c8,0x00000000c5580000)
 Metaspace       used 20884K, capacity 21080K, committed 21248K, reserved 1069056K
  class space    used 2478K, capacity 2543K, committed 2560K, reserved 1048576K
Event: 3.273 GC heap after
Heap after GC invocations=5 (full 1):
 PSYoungGen      total 138240K, used 0K [0x00000000eab00000, 0x00000000f3700000, 0x0000000100000000)
  eden space 133120K, 0% used [0x00000000eab00000,0x00000000eab00000,0x00000000f2d00000)
  from space 5120K, 0% used [0x00000000f3200000,0x00000000f3200000,0x00000000f3700000)
  to   space 5120K, 0% used [0x00000000f2d00000,0x00000000f2d00000,0x00000000f3200000)
 ParOldGen       total 87552K, used 10211K [0x00000000c0000000, 0x00000000c5580000, 0x00000000eab00000)
  object space 87552K, 11% used [0x00000000c0000000,0x00000000c09f8c40,0x00000000c5580000)
 Metaspace       used 20884K, capacity 21080K, committed 21248K, reserved 1069056K
  class space    used 2478K, capacity 2543K, committed 2560K, reserved 1048576K
}

Deoptimization events (10 events):
Event: 3.438 Thread 0x0000000000cb3000 Uncommon trap: reason=unstable_if action=reinterpret pc=0x0000000001a4e318 method=com.sun.org.apache.xerces.internal.impl.XMLEntityScanner.skipSpaces()Z @ 266
Event: 3.475 Thread 0x0000000000cb3000 Uncommon trap: reason=unstable_if action=reinterpret pc=0x000000000197c478 method=java.util.HashMap.putVal(ILjava/lang/Object;Ljava/lang/Object;ZZ)Ljava/lang/Object; @ 162
Event: 3.475 Thread 0x0000000000cb3000 Uncommon trap: reason=unstable_if action=reinterpret pc=0x00000000019d3138 method=java.util.HashMap.putVal(ILjava/lang/Object;Ljava/lang/Object;ZZ)Ljava/lang/Object; @ 162
Event: 3.475 Thread 0x0000000000cb3000 Uncommon trap: reason=unstable_if action=reinterpret pc=0x0000000001885b90 method=java.util.HashMap.getNode(ILjava/lang/Object;)Ljava/util/HashMap$Node; @ 84
Event: 3.476 Thread 0x0000000000cb3000 Uncommon trap: reason=unstable_if action=reinterpret pc=0x000000000187c2d4 method=java.util.HashMap.getNode(ILjava/lang/Object;)Ljava/util/HashMap$Node; @ 84
Event: 3.493 Thread 0x0000000000cb3000 Uncommon trap: reason=unstable_if action=reinterpret pc=0x00000000017ea964 method=java.lang.ref.SoftReference.get()Ljava/lang/Object; @ 6
Event: 3.501 Thread 0x0000000000cb3000 Uncommon trap: reason=unstable_if action=reinterpret pc=0x0000000001a26558 method=java.lang.StringBuffer.toString()Ljava/lang/String; @ 4
Event: 3.597 Thread 0x0000000000cb3000 Uncommon trap: reason=unstable_if action=reinterpret pc=0x0000000001a74ed4 method=com.sun.org.apache.xerces.internal.impl.XMLEntityScanner.scanContent(Lcom/sun/org/apache/xerces/internal/xni/XMLString;)I @ 385
Event: 3.647 Thread 0x0000000000cb3000 Uncommon trap: reason=unstable_if action=reinterpret pc=0x000000000190f3a8 method=java.net.URL.<init>(Ljava/net/URL;Ljava/lang/String;Ljava/net/URLStreamHandler;)V @ 347
Event: 3.751 Thread 0x0000000000cb3000 Uncommon trap: reason=unstable_if action=reinterpret pc=0x0000000001b5da14 method=com.tangosol.util.Base.getRandom()Ljava/util/Random; @ 72

Internal exceptions (10 events):
Event: 2.928 Thread 0x0000000000cb3000 Exception <a 'java/lang/NullPointerException'> (0x00000000eb56df28) thrown at [C:\workspace\8-2-build-windows-amd64-cygwin\jdk8u65\4987\hotspot\src\share\vm\interpreter\linkResolver.cpp, line 1178]
Event: 2.944 Thread 0x0000000000cb3000 Exception <a 'java/lang/NullPointerException'> (0x00000000eb69d2f0) thrown at [C:\workspace\8-2-build-windows-amd64-cygwin\jdk8u65\4987\hotspot\src\share\vm\interpreter\linkResolver.cpp, line 1178]
Event: 2.945 Thread 0x0000000000cb3000 Exception <a 'java/lang/NullPointerException'> (0x00000000eb69e060) thrown at [C:\workspace\8-2-build-windows-amd64-cygwin\jdk8u65\4987\hotspot\src\share\vm\interpreter\linkResolver.cpp, line 1178]
Event: 2.949 Thread 0x0000000000cb3000 Exception <a 'java/lang/NullPointerException'> (0x00000000eb6bf920) thrown at [C:\workspace\8-2-build-windows-amd64-cygwin\jdk8u65\4987\hotspot\src\share\vm\interpreter\linkResolver.cpp, line 1178]
Event: 2.949 Thread 0x0000000000cb3000 Exception <a 'java/lang/NullPointerException'> (0x00000000eb6c1870) thrown at [C:\workspace\8-2-build-windows-amd64-cygwin\jdk8u65\4987\hotspot\src\share\vm\interpreter\linkResolver.cpp, line 1178]
Event: 2.952 Thread 0x0000000000cb3000 Exception <a 'java/lang/NullPointerException'> (0x00000000eb6da860) thrown at [C:\workspace\8-2-build-windows-amd64-cygwin\jdk8u65\4987\hotspot\src\share\vm\interpreter\linkResolver.cpp, line 1178]
Event: 2.974 Thread 0x0000000000cb3000 Implicit null exception at 0x000000000190dfc3 to 0x000000000190f77d
Event: 2.974 Thread 0x0000000000cb3000 Exception <a 'java/lang/ClassNotFoundException': oracle/mds/net/protocol/http/Handler> (0x00000000eb86d940) thrown at [C:\workspace\8-2-build-windows-amd64-cygwin\jdk8u65\4987\hotspot\src\share\vm\classfile\systemDictionary.cpp, line 210]
Event: 2.976 Thread 0x0000000000cb3000 Exception <a 'java/lang/ClassNotFoundException': oracle/fabric/common/classloaderurl/handler/http/Handler> (0x00000000eb88ea48) thrown at [C:\workspace\8-2-build-windows-amd64-cygwin\jdk8u65\4987\hotspot\src\share\vm\classfile\systemDictionary.cpp, line 21<Ø"´Ï@
Event: 2.976 Thread 0x0000000000cb3000 Exception <a 'java/lang/ClassNotFoundException': oracle/fabric/common/uddiurl/handler/http/Handler> (0x00000000eb8bba20) thrown at [C:\workspace\8-2-build-windows-amd64-cygwin\jdk8u65\4987\hotspot\src\share\vm\classfile\systemDictionary.cpp, line 210]

Events (10 events):
Event: 4.088 loading class sun/text/normalizer/NormalizerBase$NFKDMode
Event: 4.088 loading class sun/text/normalizer/NormalizerBase$NFKDMode done
Event: 4.088 loading class sun/text/normalizer/NormalizerBase$NFCMode
Event: 4.088 loading class sun/text/normalizer/NormalizerBase$NFCMode done
Event: 4.088 loading class sun/text/normalizer/NormalizerBase$NFKCMode
Event: 4.088 loading class sun/text/normalizer/NormalizerBase$NFKCMode done
Event: 4.088 loading class sun/text/normalizer/NormalizerBase$QuickCheckResult
Event: 4.088 loading class sun/text/normalizer/NormalizerBase$QuickCheckResult done
Event: 4.088 loading class sun/text/normalizer/NormalizerBase$1
Event: 4.089 loading class sun/text/normalizer/NormalizerBase$1 done


Dynamic libraries:
0x000000013f190000 - 0x000000013f1c7000 	C:\Java8\jre\bin\java.exe
0x00000000772e0000 - 0x000000007748a000 	C:\windows\SYSTEM32\ntdll.dll
0x00000000771c0000 - 0x00000000772df000 	C:\windows\system32\kernel32.dll
0x000007fefd040000 - 0x000007fefd0ab000 	C:\windows\system32\KERNELBASE.dll
0x000007feff510000 - 0x000007feff5eb000 	C:\windows\system32\ADVAPI32.dll
0x000007fefd490000 - 0x000007fefd52f000 	C:\windows\system32\msvcrt.dll
0x000007fefeb00000 - 0x000007fefeb1f000 	C:\windows\SYSTEM32\sechost.dll
0x000007fefec00000 - 0x000007fefed2d000 	C:\windows\system32\RPCRT4.dll
0x00000000770c0000 - 0x00000000771ba000 	C:\windows\system32\USER32.dll
0x000007feff170000 - 0x000007feff1d7000 	C:\windows\system32\GDI32.dll
0x000007fefd3e0000 - 0x000007fefd3ee000 	C:\windows\system32\LPK.dll
0x000007fefeb30000 - 0x000007fefebfa000 	C:\windows\system32\USP10.dll
0x000007fefb4f0000 - 0x000007fefb6e4000 	C:\windows\WinSxS\amd64_microsoft.windows.common-controls_6595b64144ccf1df_6.0.7601.17514_none_fa396087175ac9ac\COMCTL32.dll
0x000007feff070000 - 0x000007feff0e1000 	C:\windows\system32\SHLWAPI.dll
0x000007fefd590000 - 0x000007fefd5be000 	C:\windows\system32\IMM32.DLL
0x000007fefedd0000 - 0x000007fefeed9000 	C:\windows\system32\MSCTF.dll
0x0000000074d90000 - 0x0000000074dc9000 	C:\PROGRA~2\Sophos\SOPHOS~1\SOPHOS~2.DLL
0x00000000774b0000 - 0x00000000774b7000 	C:\windows\system32\PSAPI.DLL
0x00000000655e0000 - 0x00000000656b2000 	C:\Java8\jre\bin\msvcr100.dll
0x0000000063110000 - 0x0000000063999000 	C:\Java8\jre\bin\server\jvm.dll
0x000007fef1990000 - 0x000007fef1999000 	C:\windows\system32\WSOCK32.dll
0x000007feff1e0000 - 0x000007feff22d000 	C:\windows\system32\WS2_32.dll
0x000007fefeb20000 - 0x000007fefeb28000 	C:\windows\system32\NSI.dll
0x000007fefa7e0000 - 0x000007fefa81b000 	C:\windows\system32\WINMM.dll
0x000007fefc1a0000 - 0x000007fefc1ac000 	C:\windows\system32\VERSION.dll
0x0000000070ac0000 - 0x0000000070acf000 	C:\Java8\jre\bin\verify.dll
0x0000000070a40000 - 0x0000000070a69000 	C:\Java8\jre\bin\java.dll
0x0000000070480000 - 0x0000000070496000 	C:\Java8\jre\bin\zip.dll
0x000007fefdb60000 - 0x000007fefe8e8000 	C:\windows\system32\SHELL32.dll
0x000007fefe8f0000 - 0x000007fefeaf3000 	C:\windows\system32\ole32.dll
0x000007fefd020000 - 0x000007fefd02f000 	C:\windows\system32\profapi.dll
0x000000006e910000 - 0x000000006e92a000 	C:\Java8\jre\bin\net.dll
0x000007fefc1b0000 - 0x000007fefc1df000 	C:\ProgramData\Sophos\Web Intelligence\swi_ifslsp_64.dll
0x000007fefc760000 - 0x000007fefc7b5000 	C:\windows\system32\mswsock.dll
0x000007fefc910000 - 0x000007fefc917000 	C:\windows\System32\wship6.dll
0x000007fefb750000 - 0x000007fefb765000 	C:\windows\system32\NLAapi.dll
0x000007feef090000 - 0x000007feef0a5000 	C:\windows\system32\napinsp.dll
0x000007feef070000 - 0x000007feef089000 	C:\windows\system32\pnrpnsp.dll
0x000007fefc650000 - 0x000007fefc6ab000 	C:\windows\system32\DNSAPI.dll
0x000007feef060000 - 0x000007feef06b000 	C:\windows\System32\winrnr.dll
0x000007feef050000 - 0x000007feef060000 	C:\windows\system32\wshbth.dll
0x000007fefc180000 - 0x000007fefc187000 	C:\windows\System32\wshtcpip.dll
0x000007fefbef0000 - 0x000007fefbf17000 	C:\windows\system32\IPHLPAPI.DLL
0x000007fefc190000 - 0x000007fefc19b000 	C:\windows\system32\WINNSI.DLL
0x000007feef040000 - 0x000007feef048000 	C:\windows\system32\rasadhlp.dll
0x000007fef96d0000 - 0x000007fef9723000 	C:\windows\System32\fwpuclnt.dll
0x0000000070a30000 - 0x0000000070a3d000 	C:\Java8\jre\bin\management.dll
0x000007fef9550000 - 0x000007fef9568000 	C:\windows\system32\dhcpcsvc.DLL
0x000007fef94e0000 - 0x000007fef94f1000 	C:\windows\system32\dhcpcsvc6.DLL
0x000007fefb2e0000 - 0x000007fefb405000 	C:\windows\system32\dbghelp.dll

VM Arguments:
jvm_args: -Djava.protocol.handler.pkgs=oracle.mds.net.protocol|oracle.fabric.common.classloaderurl.handler|oracle.fabric.common.uddiurl.handler -Dcommon.components.home=C:\Oracle\Middleware\Oracle_Home\soa\bin/../../oracle_common -Doracle.home=C:\Oracle\Middleware\Oracle_Home\soa\bin/.. -Dsoa.oracle.home=C:\Oracle\Middleware\Oracle_Home\soa\bin/../../soa -Dwasp.location=C:\Oracle\Middleware\Oracle_Home\soa\bin/../../soa\uddi -Dsoamds.apps.home=null -Dfabric.configuration.dir=C:\Oracle\Middleware\Oracle_Home\soa\bin/../../soa/integration/seed/soa/configuration/ -Djavax.xml.xpath.XPathFactory:http://java.sun.com/jaxp/xpath/dom=oracle.xml.xpath.JXPathFactory -Xms128m -Xmx1024m -XX:PermSize=32m -XX:MaxPermSize=256m -Doracle.xdkjava.compatibility.version=11.1.1 -Doracle.soa.compatibility.version=11.1.1 
java_command: oracle.soa.scac.ValidateComposite C:/WorkArea/JenkinsAnt/temp/SCA/build/AWOWT160MEBFv1/SOA/composite.xml -xml C:\windows\TEMP\out.xml -appHome C:/WorkArea/JenkinsAnt/AffinityWaterSOA -level 1 -reportErrors false
java_class_path (initial): C:\WorkArea\JenkinsAnt\temp\SCA\build\AWOWT160MEBFv1\SOA\SCA-INF\classes;C:\Oracle\Middleware\Oracle_Home\soa\soa\modules\oracle.bpm.client_11.1.1\oracle.bpm.bpm-services.interface.jar;C:\Oracle\Middleware\Oracle_Home\soa\soa\modules\oracle.bpm.client_11.1.1\oracle.bpm.web-resources.jar;C:\Oracle\Middleware\Oracle_Home\soa\soa\modules\oracle.bpm.project_11.1.1\asm-4.0.jar;C:\Oracle\Middleware\Oracle_Home\soa\soa\modules\oracle.bpm.project_11.1.1\asm-commons-4.0.jar;C:\Oracle\Middleware\Oracle_Home\soa\soa\modules\oracle.bpm.project_11.1.1\asm-tree-4.0.jar;C:\Oracle\Middleware\Oracle_Home\soa\soa\modules\oracle.bpm.project_11.1.1\oracle.bpm.common.model.jar;C:\Oracle\Middleware\Oracle_Home\soa\soa\modules\oracle.bpm.project_11.1.1\oracle.bpm.lexer.jar;C:\Oracle\Middleware\Oracle_Home\soa\soa\modules\oracle.bpm.project_11.1.1\oracle.bpm.project.catalog.jar;C:\Oracle\Middleware\Oracle_Home\soa\soa\modules\oracle.bpm.project_11.1.1\oracle.bpm.project.compile.jar;C:\Oracle\Middleware\Oracle_Home\soa\soa\modules\oracle.bpm.project_11.1.1\oracle.bpm.project.interface.jar;C:\Oracle\Middleware\Oracle_Home\soa\soa\modules\oracle.bpm.project_11.1.1\oracle.bpm.project.io.jar;C:\Oracle\Middleware\Oracle_Home\soa\soa\modules\oracle.bpm.project_11.1.1\oracle.bpm.project.jar;C:\Oracle\Middleware\Oracle_Home\soa\soa\modules\oracle.bpm.project_11.1.1\oracle.bpm.project.model.jar;C:\Oracle\Middleware\Oracle_Home\soa\soa\modules\oracle.bpm.project_11.1.1\oracle.bpm.scripting.asmgen.jar;C:\Oracle\Middleware\Oracle_Home\soa\soa\modules\oracle.bpm.project_11.1.1\oracle.bpm.scripting.bytecode.jar;C:\Oracle\Middleware\Oracle_Home\soa\soa\modules\oracle.bpm.project_11.1.1\oracle.bpm.scripting.catalog.jar;C:\Oracle\Middleware\Oracle_Home\soa\soa\modules\oracle.bpm.project_11.1.1\oracle.bpm.scripting.groovy.jar;C:\Oracle\Middleware\Oracle_Home\soa\soa\modules\oracle.bpm.project_11.1.1\oracle.bpm.scripting.lib.jar;C:\Oracle\Middleware\Oracle_Home\soa\soa\modules\ora
Launcher Type: SUN_STANDARD

Environment Variables:
JAVA_HOME=C:\Java8
JRE_HOME=C:\Java8\jre
CLASSPATH=C:\Java8\lib\tools.jar;C:\Oracle\MIDDLE~1\ORACLE~1\wlserver\server\lib\weblogic_sp.jar;C:\Oracle\MIDDLE~1\ORACLE~1\wlserver\server\lib\weblogic.jar;C:\Oracle\MIDDLE~1\ORACLE~1\oracle_common\modules\net.sf.antcontrib_1.1.0.0_1-0b3\lib\ant-contrib.jar;C:\Oracle\MIDDLE~1\ORACLE~1\wlserver\modules\features\oracle.wls.common.nodemanager_2.0.0.0.jar;C:\Oracle\MIDDLE~1\ORACLE~1\osb\lib\modules\OR8BBA~1.JAR;C:\Oracle\MIDDLE~1\ORACLE~1\osb\lib\modules\OR56BA~1.JAR;C:\Oracle\MIDDLE~1\ORACLE~1\wlserver\server\lib\weblogic.jar;C:\Oracle\MIDDLE~1\ORACLE~1\oep\common\modules\COMBEA~2.JAR
PATH=;C:\Oracle\MIDDLE~1\ORACLE~1\wlserver\server\native\win\x64;C:\Oracle\MIDDLE~1\ORACLE~1\wlserver\server\bin;C:\Oracle\MIDDLE~1\ORACLE~1\oracle_common\modules\org.apache.ant_1.9.2\bin;C:\Java8\jre\bin;C:\Java8\bin;C:\Ant196\bin;C:\PROGRA~3\Oracle\Java\javapath;C:\Oracle\ORACLE~1\product\121~1.0\dbhome_3\BIN;C:\Windows\System32;C:\Windows;C:\Windows\System32\wbem;C:\Windows\System32\WINDOW~1\v1.0\;C:\Ant196\bin;C:\Maven339\bin;C:\WorkArea\DOWNLO~1\BITVIS~1;C:\PROGRA~1\TORTOI~1\bin;C:\Oracle\MIDDLE~1\ORACLE~1\wlserver\server\native\win\x64\oci920_8;C:\Oracle\MIDDLE~1\ORACLE~1\oracle_common\modules\org.apache.maven_3.0.5\bin
USERNAME=AWLT10635$
OS=Windows_NT
PROCESSOR_IDENTIFIER=Intel64 Family 6 Model 61 Stepping 4, GenuineIntel



---------------  S Y S T E M  ---------------

OS: Windows 7 , 64 bit Build 7601 (6.1.7601.19135)

CPU:total 4 (2 cores per cpu, 2 threads per core) family 6 model 61 stepping 4, cmov, cx8, fxsr, mmx, sse, sse2, sse3, ssse3, sse4.1, sse4.2, popcnt, avx, avx2, aes, clmul, erms, 3dnowpref, lzcnt, ht, tsc, tscinvbit, bmi1, bmi2, adx

Memory: 4k page, physical 16478576k(3330560k free), swap 32955316k(18664016k free)

vm_info: Java HotSpot(TM) 64-Bit Server VM (25.65-b01) for windows-amd64 JRE (1.8.0_65-b17), built on Oct  6 2015 16:39:20 by "java_re" with MS VC++ 10.0 (VS2010)

time: Thu Sep 01 12:07:02 2016
elapsed time: 4 seconds (0d 0h 0m 4s)

