#
# A fatal error has been detected by the Java Runtime Environment:
#
#  EXCEPTION_ACCESS_VIOLATION (0xc0000005) at pc=0x000000006702aa26, pid=8872, tid=4440
#
# JRE version: Java(TM) SE Runtime Environment (8.0_65-b17) (build 1.8.0_65-b17)
# Java VM: Java HotSpot(TM) 64-Bit Server VM (25.65-b01 mixed mode windows-amd64 compressed oops)
# Problematic frame:
# V  [jvm.dll+0x49aa26]
#
# Failed to write core dump. Minidumps are not enabled by default on client versions of Windows
#
# If you would like to submit a bug report, please visit:
#   http://bugreport.java.com/bugreport/crash.jsp
#

---------------  T H R E A D  ---------------

Current thread (0x000000001bab2800):  JavaThread "C2 CompilerThread0" daemon [_thread_in_native, id=4440, stack(0x000000001c290000,0x000000001c390000)]

siginfo: ExceptionCode=0xc0000005, writing address 0x0000000000000000

Registers:
RAX=0x0000000000000000, RBX=0x0000000020e8c3b0, RCX=0x000000001c38c3a0, RDX=0x0000000020000080
RSP=0x000000001c38c308, RBP=0x0000000000000f9d, RSI=0x000000001c38c6c0, RDI=0x0000000000002f9f
R8 =0x0000000020000000, R9 =0x000000002128b060, R10=0x0000000066b90000, R11=0x0000000020f50210
R12=0x000000006739ace8, R13=0x000000002107d500, R14=0x00000000001d62d0, R15=0x0000000066b90000
RIP=0x000000006702aa26, EFLAGS=0x0000000000010246

Top of Stack: (sp=0x000000001c38c308)
0x000000001c38c308:   0000000066ff3bbf 000000001c38c6e0
0x000000001c38c318:   0000000020e85790 0000000000000f9d
0x000000001c38c328:   000000001c38c6c0 0000433b00000000
0x000000001c38c338:   0000000000000008 00000000215eb4e0
0x000000001c38c348:   0000000000000056 000000001eb0c3e0
0x000000001c38c358:   0000000000000056 0000000020f4fb30
0x000000001c38c368:   000055af00000000 0000000000000008
0x000000001c38c378:   00000000212b0fa0 0000000000000056
0x000000001c38c388:   000000001e996250 0000000000000056
0x000000001c38c398:   0000000020d4c270 00002fa400000000
0x000000001c38c3a8:   0000000000000005 0000000021703780
0x000000001c38c3b8:   0000000000000030 000000002179bc60
0x000000001c38c3c8:   0000000000000056 000000001c38c6e0
0x000000001c38c3d8:   0000000000000056 000000001f6dd358
0x000000001c38c3e8:   000000001c38c6c0 0000000000000f9d
0x000000001c38c3f8:   0000000020f4fb30 000000000000432b 

Instructions: (pc=0x000000006702aa26)
0x000000006702aa06:   48 63 51 08 48 8b f9 83 fa 08 73 22 48 8b 41 10
0x000000006702aa16:   48 8d 0c 90 66 0f 1f 44 00 00 83 39 00 0f 85 15
0x000000006702aa26:   01 00 00 ff c2 48 83 c1 04 83 fa 08 72 ec 48 89
0x000000006702aa36:   5c 24 38 48 89 6c 24 40 48 63 6f 18 48 89 74 24 


Register to memory mapping:

RAX=0x0000000000000000 is an unknown value
RBX=0x0000000020e8c3b0 is an unknown value
RCX=0x000000001c38c3a0 is pointing into the stack for thread: 0x000000001bab2800
RDX=0x0000000020000080 is an unknown value
RSP=0x000000001c38c308 is pointing into the stack for thread: 0x000000001bab2800
RBP=0x0000000000000f9d is an unknown value
RSI=0x000000001c38c6c0 is pointing into the stack for thread: 0x000000001bab2800
RDI=0x0000000000002f9f is an unknown value
R8 =0x0000000020000000 is an unknown value
R9 =0x000000002128b060 is an unknown value
R10=0x0000000066b90000 is an unknown value
R11=0x0000000020f50210 is an unknown value
R12=0x000000006739ace8 is an unknown value
R13=0x000000002107d500 is an unknown value
R14=0x00000000001d62d0 is an unknown value
R15=0x0000000066b90000 is an unknown value


Stack: [0x000000001c290000,0x000000001c390000],  sp=0x000000001c38c308,  free space=1008k
Native frames: (J=compiled Java code, j=interpreted, Vv=VM code, C=native code)
V  [jvm.dll+0x49aa26]
C  0x0000433b00000000


Current CompileTask:
C2: 196818 2704   !   4       org.apache.tools.ant.UnknownElement::handleChildren (237 bytes)


---------------  P R O C E S S  ---------------

Java Threads: ( => current thread )
  0x000000001d9f0000 JavaThread "Thread-49" daemon [_thread_blocked, id=8824, stack(0x0000000020bb0000,0x0000000020cb0000)]
  0x000000001d9ef800 JavaThread "Thread-48" daemon [_thread_blocked, id=9112, stack(0x0000000020990000,0x0000000020a90000)]
  0x000000001bb19000 JavaThread "Service Thread" daemon [_thread_blocked, id=8536, stack(0x000000001c440000,0x000000001c540000)]
  0x000000001bb13800 JavaThread "C1 CompilerThread2" daemon [_thread_blocked, id=4292, stack(0x000000001c710000,0x000000001c810000)]
  0x000000001bb10800 JavaThread "C2 CompilerThread1" daemon [_thread_blocked, id=10044, stack(0x000000001c560000,0x000000001c660000)]
=>0x000000001bab2800 JavaThread "C2 CompilerThread0" daemon [_thread_in_native, id=4440, stack(0x000000001c290000,0x000000001c390000)]
  0x000000001bab0800 JavaThread "Attach Listener" daemon [_thread_blocked, id=9540, stack(0x000000001c130000,0x000000001c230000)]
  0x000000001a74e800 JavaThread "Signal Dispatcher" daemon [_thread_blocked, id=10064, stack(0x000000001bf50000,0x000000001c050000)]
  0x000000001a6e4000 JavaThread "Finalizer" daemon [_thread_blocked, id=9032, stack(0x000000001b8f0000,0x000000001b9f0000)]
  0x000000001a6e2800 JavaThread "Reference Handler" daemon [_thread_blocked, id=5212, stack(0x000000001b660000,0x000000001b760000)]
  0x0000000000b3a000 JavaThread "main" [_thread_in_native, id=9260, stack(0x0000000000e40000,0x0000000000f40000)]

Other Threads:
  0x000000001a6dd000 VMThread [stack: 0x000000001b7b0000,0x000000001b8b0000] [id=8084]
  0x000000001bb41800 WatcherThread [stack: 0x000000001c830000,0x000000001c930000] [id=8728]

VM state:not at safepoint (normal execution)

VM Mutex/Monitor currently owned by a thread: None

Heap:
 PSYoungGen      total 50688K, used 28765K [0x000000076c300000, 0x000000076f980000, 0x00000007c0000000)
  eden space 46592K, 57% used [0x000000076c300000,0x000000076dd494f0,0x000000076f080000)
  from space 4096K, 45% used [0x000000076f580000,0x000000076f74e058,0x000000076f980000)
  to   space 4608K, 0% used [0x000000076f080000,0x000000076f080000,0x000000076f500000)
 ParOldGen       total 172032K, used 22559K [0x00000006c4800000, 0x00000006cf000000, 0x000000076c300000)
  object space 172032K, 13% used [0x00000006c4800000,0x00000006c5e07f68,0x00000006cf000000)
 Metaspace       used 11772K, capacity 13482K, committed 13696K, reserved 1060864K
  class space    used 1404K, capacity 1566K, committed 1664K, reserved 1048576K

Card table byte_map: [0x00000000105d0000,0x0000000010db0000] byte_map_base: 0x000000000cfac000

Marking Bits: (ParMarkBitMap*) 0x000000006739a5b0
 Begin Bits: [0x00000000117b0000, 0x0000000015690000)
 End Bits:   [0x0000000015690000, 0x0000000019570000)

Polling page: 0x0000000000920000

CodeCache: size=245760Kb used=8622Kb max_used=8655Kb free=237137Kb
 bounds [0x0000000001210000, 0x0000000001aa0000, 0x0000000010210000]
 total_blobs=2486 nmethods=2174 adapters=224
 compilation: enabled

Compilation events (10 events):
Event: 196.211 Thread 0x000000001bb13800 nmethod 2701 0x0000000001a988d0 code [0x0000000001a98aa0, 0x0000000001a99358]
Event: 196.217 Thread 0x000000001bab2800 2704   !   4       org.apache.tools.ant.UnknownElement::handleChildren (237 bytes)
Event: 196.243 Thread 0x000000001bb13800 2705       3       org.apache.tools.ant.types.EnumeratedAttribute::<init> (10 bytes)
Event: 196.243 Thread 0x000000001bb13800 nmethod 2705 0x0000000001608490 code [0x00000000016085e0, 0x0000000001608790]
Event: 196.243 Thread 0x000000001bb13800 2706       3       org.apache.tools.ant.types.EnumeratedAttribute::setValue (49 bytes)
Event: 196.244 Thread 0x000000001bb13800 nmethod 2706 0x0000000001a979d0 code [0x0000000001a97bc0, 0x0000000001a984e8]
Event: 196.298 Thread 0x000000001bb13800 2708   !   3       sun.reflect.GeneratedMethodAccessor12::invoke (61 bytes)
Event: 196.298 Thread 0x000000001bb13800 nmethod 2708 0x0000000001947650 code [0x0000000001947880, 0x00000000019483c8]
Event: 196.444 Thread 0x000000001bb13800 2709       3       java.lang.reflect.Method::acquireMethodAccessor (44 bytes)
Event: 196.445 Thread 0x000000001bb13800 nmethod 2709 0x0000000001a7d390 code [0x0000000001a7d520, 0x0000000001a7db98]

GC Heap History (10 events):
Event: 165.763 GC heap before
{Heap before GC invocations=27 (full 5):
 PSYoungGen      total 52736K, used 52400K [0x000000076c300000, 0x0000000770000000, 0x00000007c0000000)
  eden space 51200K, 100% used [0x000000076c300000,0x000000076f500000,0x000000076f500000)
  from space 1536K, 78% used [0x000000076f600000,0x000000076f72c0d0,0x000000076f780000)
  to   space 5632K, 0% used [0x000000076fa80000,0x000000076fa80000,0x0000000770000000)
 ParOldGen       total 172032K, used 15855K [0x00000006c4800000, 0x00000006cf000000, 0x000000076c300000)
  object space 172032K, 9% used [0x00000006c4800000,0x00000006c577bdb0,0x00000006cf000000)
 Metaspace       used 11377K, capacity 12808K, committed 13056K, reserved 1060864K
  class space    used 1330K, capacity 1476K, committed 1536K, reserved 1048576K
Event: 165.783 GC heap after
Heap after GC invocations=27 (full 5):
 PSYoungGen      total 53760K, used 1992K [0x000000076c300000, 0x000000076fe00000, 0x00000007c0000000)
  eden space 50176K, 0% used [0x000000076c300000,0x000000076c300000,0x000000076f400000)
  from space 3584K, 55% used [0x000000076fa80000,0x000000076fc72128,0x000000076fe00000)
  to   space 5120K, 0% used [0x000000076f400000,0x000000076f400000,0x000000076f900000)
 ParOldGen       total 172032K, used 16535K [0x00000006c4800000, 0x00000006cf000000, 0x000000076c300000)
  object space 172032K, 9% used [0x00000006c4800000,0x00000006c5825db0,0x00000006cf000000)
 Metaspace       used 11377K, capacity 12808K, committed 13056K, reserved 1060864K
  class space    used 1330K, capacity 1476K, committed 1536K, reserved 1048576K
}
Event: 173.450 GC heap before
{Heap before GC invocations=28 (full 5):
 PSYoungGen      total 53760K, used 52168K [0x000000076c300000, 0x000000076fe00000, 0x00000007c0000000)
  eden space 50176K, 100% used [0x000000076c300000,0x000000076f400000,0x000000076f400000)
  from space 3584K, 55% used [0x000000076fa80000,0x000000076fc72128,0x000000076fe00000)
  to   space 5120K, 0% used [0x000000076f400000,0x000000076f400000,0x000000076f900000)
 ParOldGen       total 172032K, used 16535K [0x00000006c4800000, 0x00000006cf000000, 0x000000076c300000)
  object space 172032K, 9% used [0x00000006c4800000,0x00000006c5825db0,0x00000006cf000000)
 Metaspace       used 11459K, capacity 12930K, committed 13056K, reserved 1060864K
  class space    used 1344K, capacity 1494K, committed 1536K, reserved 1048576K
Event: 173.454 GC heap after
Heap after GC invocations=28 (full 5):
 PSYoungGen      total 51200K, used 1992K [0x000000076c300000, 0x000000076fd00000, 0x00000007c0000000)
  eden space 49152K, 0% used [0x000000076c300000,0x000000076c300000,0x000000076f300000)
  from space 2048K, 97% used [0x000000076f400000,0x000000076f5f2128,0x000000076f600000)
  to   space 5120K, 0% used [0x000000076f800000,0x000000076f800000,0x000000076fd00000)
 ParOldGen       total 172032K, used 18095K [0x00000006c4800000, 0x00000006cf000000, 0x000000076c300000)
  object space 172032K, 10% used [0x00000006c4800000,0x00000006c59abe08,0x00000006cf000000)
 Metaspace       used 11459K, capacity 12930K, committed 13056K, reserved 1060864K
  class space    used 1344K, capacity 1494K, committed 1536K, reserved 1048576K
}
Event: 181.430 GC heap before
{Heap before GC invocations=29 (full 5):
 PSYoungGen      total 51200K, used 51144K [0x000000076c300000, 0x000000076fd00000, 0x00000007c0000000)
  eden space 49152K, 100% used [0x000000076c300000,0x000000076f300000,0x000000076f300000)
  from space 2048K, 97% used [0x000000076f400000,0x000000076f5f2128,0x000000076f600000)
  to   space 5120K, 0% used [0x000000076f800000,0x000000076f800000,0x000000076fd00000)
 ParOldGen       total 172032K, used 18095K [0x00000006c4800000, 0x00000006cf000000, 0x000000076c300000)
  object space 172032K, 10% used [0x00000006c4800000,0x00000006c59abe08,0x00000006cf000000)
 Metaspace       used 11570K, capacity 13186K, committed 13312K, reserved 1060864K
  class space    used 1360K, capacity 1514K, committed 1536K, reserved 1048576K
Event: 181.454 GC heap after
Heap after GC invocations=29 (full 5):
 PSYoungGen      total 51200K, used 1960K [0x000000076c300000, 0x000000076fb00000, 0x00000007c0000000)
  eden space 48128K, 0% used [0x000000076c300000,0x000000076c300000,0x000000076f200000)
  from space 3072K, 63% used [0x000000076f800000,0x000000076f9ea128,0x000000076fb00000)
  to   space 4608K, 0% used [0x000000076f200000,0x000000076f200000,0x000000076f680000)
 ParOldGen       total 172032K, used 19599K [0x00000006c4800000, 0x00000006cf000000, 0x000000076c300000)
  object space 172032K, 11% used [0x00000006c4800000,0x00000006c5b23eb8,0x00000006cf000000)
 Metaspace       used 11570K, capacity 13186K, committed 13312K, reserved 1060864K
  class space    used 1360K, capacity 1514K, committed 1536K, reserved 1048576K
}
Event: 188.246 GC heap before
{Heap before GC invocations=30 (full 5):
 PSYoungGen      total 51200K, used 50088K [0x000000076c300000, 0x000000076fb00000, 0x00000007c0000000)
  eden space 48128K, 100% used [0x000000076c300000,0x000000076f200000,0x000000076f200000)
  from space 3072K, 63% used [0x000000076f800000,0x000000076f9ea128,0x000000076fb00000)
  to   space 4608K, 0% used [0x000000076f200000,0x000000076f200000,0x000000076f680000)
 ParOldGen       total 172032K, used 19599K [0x00000006c4800000, 0x00000006cf000000, 0x000000076c300000)
  object space 172032K, 11% used [0x00000006c4800000,0x00000006c5b23eb8,0x00000006cf000000)
 Metaspace       used 11652K, capacity 13314K, committed 13568K, reserved 1060864K
  class space    used 1375K, capacity 1534K, committed 1536K, reserved 1048576K
Event: 188.250 GC heap after
Heap after GC invocations=30 (full 5):
 PSYoungGen      total 49152K, used 1808K [0x000000076c300000, 0x000000076fa00000, 0x00000007c0000000)
  eden space 47104K, 0% used [0x000000076c300000,0x000000076c300000,0x000000076f100000)
  from space 2048K, 88% used [0x000000076f200000,0x000000076f3c40d0,0x000000076f400000)
  to   space 4608K, 0% used [0x000000076f580000,0x000000076f580000,0x000000076fa00000)
 ParOldGen       total 172032K, used 21087K [0x00000006c4800000, 0x00000006cf000000, 0x000000076c300000)
  object space 172032K, 12% used [0x00000006c4800000,0x00000006c5c97f10,0x00000006cf000000)
 Metaspace       used 11652K, capacity 13314K, committed 13568K, reserved 1060864K
  class space    used 1375K, capacity 1534K, committed 1536K, reserved 1048576K
}
Event: 196.323 GC heap before
{Heap before GC invocations=31 (full 5):
 PSYoungGen      total 49152K, used 48912K [0x000000076c300000, 0x000000076fa00000, 0x00000007c0000000)
  eden space 47104K, 100% used [0x000000076c300000,0x000000076f100000,0x000000076f100000)
  from space 2048K, 88% used [0x000000076f200000,0x000000076f3c40d0,0x000000076f400000)
  to   space 4608K, 0% used [0x000000076f580000,0x000000076f580000,0x000000076fa00000)
 ParOldGen       total 172032K, used 21087K [0x00000006c4800000, 0x00000006cf000000, 0x000000076c300000)
  object space 172032K, 12% used [0x00000006c4800000,0x00000006c5c97f10,0x00000006cf000000)
 Metaspace       used 11739K, capacity 13442K, committed 13696K, reserved 1060864K
  class space    used 1393K, capacity 1554K, committed 1664K, reserved 1048576K
Event: 196.334 GC heap after
Heap after GC invocations=31 (full 5):
 PSYoungGen      total 50688K, used 1848K [0x000000076c300000, 0x000000076f980000, 0x00000007c0000000)
  eden space 46592K, 0% used [0x000000076c300000,0x000000076c300000,0x000000076f080000)
  from space 4096K, 45% used [0x000000076f580000,0x000000076f74e058,0x000000076f980000)
  to   space 4608K, 0% used [0x000000076f080000,0x000000076f080000,0x000000076f500000)
 ParOldGen       total 172032K, used 22559K [0x00000006c4800000, 0x00000006cf000000, 0x000000076c300000)
  object space 172032K, 13% used [0x00000006c4800000,0x00000006c5e07f68,0x00000006cf000000)
 Metaspace       used 11739K, capacity 13442K, committed 13696K, reserved 1060864K
  class space    used 1393K, capacity 1554K, committed 1664K, reserved 1048576K
}

Deoptimization events (10 events):
Event: 15.926 Thread 0x0000000000b3a000 Uncommon trap: reason=unstable_if action=reinterpret pc=0x00000000016ff66c method=java.io.WinNTFileSystem.resolve(Ljava/io/File;)Ljava/lang/String; @ 31
Event: 24.651 Thread 0x0000000000b3a000 Uncommon trap: reason=unstable_if action=reinterpret pc=0x0000000001722c70 method=java.lang.StringBuffer.toString()Ljava/lang/String; @ 4
Event: 24.682 Thread 0x0000000000b3a000 Uncommon trap: reason=unstable_if action=reinterpret pc=0x00000000018f5b0c method=java.lang.Class.privateGetMethodRecursive(Ljava/lang/String;[Ljava/lang/Class;ZLjava/lang/Class$MethodArray;)Ljava/lang/reflect/Method; @ 63
Event: 24.682 Thread 0x0000000000b3a000 Uncommon trap: reason=unstable_if action=reinterpret pc=0x00000000018ed79c method=java.lang.Class.privateGetMethodRecursive(Ljava/lang/String;[Ljava/lang/Class;ZLjava/lang/Class$MethodArray;)Ljava/lang/reflect/Method; @ 63
Event: 24.683 Thread 0x0000000000b3a000 Uncommon trap: reason=unstable_if action=reinterpret pc=0x00000000018c86d0 method=java.lang.String$CaseInsensitiveComparator.compare(Ljava/lang/String;Ljava/lang/String;)I @ 49
Event: 24.919 Thread 0x0000000000b3a000 Uncommon trap: reason=range_check action=make_not_entrant pc=0x00000000016c2e90 method=java.lang.String.charAt(I)C @ 27
Event: 30.595 Thread 0x0000000000b3a000 Uncommon trap: reason=unstable_if action=reinterpret pc=0x00000000015a025c method=java.lang.ThreadLocal$ThreadLocalMap.getEntry(Ljava/lang/ThreadLocal;)Ljava/lang/ThreadLocal$ThreadLocalMap$Entry; @ 29
Event: 30.595 Thread 0x0000000000b3a000 Uncommon trap: reason=unstable_if action=reinterpret pc=0x0000000001663e28 method=java.lang.ThreadLocal$ThreadLocalMap.set(Ljava/lang/ThreadLocal;Ljava/lang/Object;)V @ 44
Event: 38.281 Thread 0x0000000000b3a000 Uncommon trap: reason=null_check action=make_not_entrant pc=0x000000000199a690 method=org.apache.tools.ant.PropertyHelper.add(Lorg/apache/tools/ant/PropertyHelper$Delegate;)V @ 46
Event: 52.531 Thread 0x0000000000b3a000 Uncommon trap: reason=unstable_if action=reinterpret pc=0x00000000016719d8 method=java.lang.ThreadLocal$ThreadLocalMap.getEntry(Ljava/lang/ThreadLocal;)Ljava/lang/ThreadLocal$ThreadLocalMap$Entry; @ 29

Internal exceptions (10 events):
Event: 0.557 Thread 0x0000000000b3a000 Exception <a 'java/security/PrivilegedActionException'> (0x000000076cc410e8) thrown at [C:\workspace\8-2-build-windows-amd64-cygwin\jdk8u65\4987\hotspot\src\share\vm\prims\jvm.cpp, line 1386]
Event: 0.557 Thread 0x0000000000b3a000 Exception <a 'java/security/PrivilegedActionException'> (0x000000076cc412f8) thrown at [C:\workspace\8-2-build-windows-amd64-cygwin\jdk8u65\4987\hotspot\src\share\vm\prims\jvm.cpp, line 1386]
Event: 0.562 Thread 0x0000000000b3a000 Exception <a 'java/security/PrivilegedActionException'> (0x000000076cc52da0) thrown at [C:\workspace\8-2-build-windows-amd64-cygwin\jdk8u65\4987\hotspot\src\share\vm\prims\jvm.cpp, line 1386]
Event: 0.562 Thread 0x0000000000b3a000 Exception <a 'java/security/PrivilegedActionException'> (0x000000076cc52fb0) thrown at [C:\workspace\8-2-build-windows-amd64-cygwin\jdk8u65\4987\hotspot\src\share\vm\prims\jvm.cpp, line 1386]
Event: 0.587 Thread 0x0000000000b3a000 Exception <a 'java/security/PrivilegedActionException'> (0x000000076cddddf0) thrown at [C:\workspace\8-2-build-windows-amd64-cygwin\jdk8u65\4987\hotspot\src\share\vm\prims\jvm.cpp, line 1386]
Event: 0.587 Thread 0x0000000000b3a000 Exception <a 'java/security/PrivilegedActionException'> (0x000000076cdde000) thrown at [C:\workspace\8-2-build-windows-amd64-cygwin\jdk8u65\4987\hotspot\src\share\vm\prims\jvm.cpp, line 1386]
Event: 1.459 Thread 0x0000000000b3a000 Implicit null exception at 0x0000000001575a7b to 0x0000000001575c5d
Event: 1.472 Thread 0x0000000000b3a000 Exception <a 'java/lang/ClassNotFoundException': org/apache/tools/ant/helper/DefaultExecutor> (0x000000076eb105c0) thrown at [C:\workspace\8-2-build-windows-amd64-cygwin\jdk8u65\4987\hotspot\src\share\vm\classfile\systemDictionary.cpp, line 210]
Event: 15.846 Thread 0x0000000000b3a000 Implicit null exception at 0x0000000001561296 to 0x00000000015615ed
Event: 38.280 Thread 0x0000000000b3a000 Implicit null exception at 0x000000000199832b to 0x000000000199a675

Events (10 events):
Event: 196.397 loading class oracle/soa/deployplan/task/generatePlan
Event: 196.397 loading class oracle/soa/deployplan/task/generatePlan done
Event: 196.405 loading class oracle/soa/deployplan/task/deployTask
Event: 196.405 loading class oracle/soa/deployplan/task/deployTask done
Event: 196.434 loading class oracle/soa/deployplan/task/reportPlan
Event: 196.434 loading class oracle/soa/deployplan/task/reportPlan done
Event: 196.441 loading class oracle/soa/deployplan/task/deployTask
Event: 196.441 loading class oracle/soa/deployplan/task/deployTask done
Event: 196.500 Thread 0x000000001d9ef800 Thread added: 0x000000001d9ef800
Event: 196.500 Thread 0x000000001d9f0000 Thread added: 0x000000001d9f0000


Dynamic libraries:
0x000000013fc10000 - 0x000000013fc47000 	C:\Java8\bin\java.exe
0x00000000778a0000 - 0x0000000077a4a000 	C:\windows\SYSTEM32\ntdll.dll
0x0000000077680000 - 0x000000007779f000 	C:\windows\system32\kernel32.dll
0x000007fefd610000 - 0x000007fefd67b000 	C:\windows\system32\KERNELBASE.dll
0x000007fefda70000 - 0x000007fefdb4b000 	C:\windows\system32\ADVAPI32.dll
0x000007fefeec0000 - 0x000007fefef5f000 	C:\windows\system32\msvcrt.dll
0x000007fefeab0000 - 0x000007fefeacf000 	C:\windows\SYSTEM32\sechost.dll
0x000007feff6f0000 - 0x000007feff81d000 	C:\windows\system32\RPCRT4.dll
0x00000000777a0000 - 0x000000007789a000 	C:\windows\system32\USER32.dll
0x000007feffb40000 - 0x000007feffba7000 	C:\windows\system32\GDI32.dll
0x000007fefe9c0000 - 0x000007fefe9ce000 	C:\windows\system32\LPK.dll
0x000007feff140000 - 0x000007feff20a000 	C:\windows\system32\USP10.dll
0x000007fefbbd0000 - 0x000007fefbdc4000 	C:\windows\WinSxS\amd64_microsoft.windows.common-controls_6595b64144ccf1df_6.0.7601.18837_none_fa3b1e3d17594757\COMCTL32.dll
0x000007fefdbb0000 - 0x000007fefdc21000 	C:\windows\system32\SHLWAPI.dll
0x000007fefda40000 - 0x000007fefda6e000 	C:\windows\system32\IMM32.DLL
0x000007fefed00000 - 0x000007fefee09000 	C:\windows\system32\MSCTF.dll
0x0000000075350000 - 0x0000000075389000 	C:\PROGRA~2\Sophos\SOPHOS~1\SOPHOS~2.DLL
0x0000000077a60000 - 0x0000000077a67000 	C:\windows\system32\PSAPI.DLL
0x000000006af70000 - 0x000000006b042000 	C:\Java8\jre\bin\msvcr100.dll
0x0000000066b90000 - 0x0000000067419000 	C:\Java8\jre\bin\server\jvm.dll
0x000007fef1e50000 - 0x000007fef1e59000 	C:\windows\system32\WSOCK32.dll
0x000007feff820000 - 0x000007feff86d000 	C:\windows\system32\WS2_32.dll
0x000007fefeeb0000 - 0x000007fefeeb8000 	C:\windows\system32\NSI.dll
0x000007fefae50000 - 0x000007fefae8b000 	C:\windows\system32\WINMM.dll
0x000007fefc760000 - 0x000007fefc76c000 	C:\windows\system32\VERSION.dll
0x000000006c670000 - 0x000000006c67f000 	C:\Java8\jre\bin\verify.dll
0x000000006af40000 - 0x000000006af69000 	C:\Java8\jre\bin\java.dll
0x000000006c650000 - 0x000000006c666000 	C:\Java8\jre\bin\zip.dll
0x000007fefdc30000 - 0x000007fefe9b8000 	C:\windows\system32\SHELL32.dll
0x000007fefeaf0000 - 0x000007fefecf3000 	C:\windows\system32\ole32.dll
0x000007fefd5f0000 - 0x000007fefd5ff000 	C:\windows\system32\profapi.dll
0x000000006af20000 - 0x000000006af3a000 	C:\Java8\jre\bin\net.dll
0x000007fefc770000 - 0x000007fefc79f000 	C:\ProgramData\Sophos\Web Intelligence\swi_ifslsp_64.dll
0x000007fefcdc0000 - 0x000007fefce15000 	C:\windows\system32\mswsock.dll
0x000007fefcdb0000 - 0x000007fefcdb7000 	C:\windows\System32\wship6.dll
0x000000006af00000 - 0x000000006af11000 	C:\Java8\jre\bin\nio.dll
0x000007fefd430000 - 0x000007fefd487000 	C:\windows\system32\apphelp.dll
0x000007fefa7f0000 - 0x000007fefa915000 	C:\windows\system32\dbghelp.dll

VM Arguments:
jvm_args: -Dant.home=C:\Oracle\MIDDLE~1\ORACLE~1\oracle_common\modules\org.apache.ant_1.9.2 
java_command: org.apache.tools.ant.launch.Launcher -cp C:\Java8\lib\tools.jar;C:\Oracle\MIDDLE~1\ORACLE~1\wlserver\server\lib\weblogic_sp.jar;C:\Oracle\MIDDLE~1\ORACLE~1\wlserver\server\lib\weblogic.jar;C:\Oracle\MIDDLE~1\ORACLE~1\oracle_common\modules\net.sf.antcontrib_1.1.0.0_1-0b3\lib\ant-contrib.jar;C:\Oracle\MIDDLE~1\ORACLE~1\wlserver\modules\features\oracle.wls.common.nodemanager_2.0.0.0.jar;C:\Oracle\MIDDLE~1\ORACLE~1\osb\lib\modules\OR8BBA~1.JAR;C:\Oracle\MIDDLE~1\ORACLE~1\osb\lib\modules\OR56BA~1.JAR;C:\Oracle\MIDDLE~1\ORACLE~1\wlserver\server\lib\weblogic.jar;C:\Oracle\MIDDLE~1\ORACLE~1\oep\common\modules\COMBEA~2.JAR -f C:/WorkArea/JenkinsAnt/scaBuild.xml compileAllSCA -Dtarget.environment local -Dproject.list 'C:/WorkArea/JenkinsAnt/scaBuild.xml compileAllSCA ${ant.target.environment}'
java_class_path (initial): C:\Oracle\MIDDLE~1\ORACLE~1\oracle_common\modules\org.apache.ant_1.9.2\lib\ant-launcher.jar
Launcher Type: SUN_STANDARD

Environment Variables:
JAVA_HOME=C:\Java8
JRE_HOME=C:\Java8\jre
CLASSPATH=C:\Java8\lib\tools.jar;C:\Oracle\MIDDLE~1\ORACLE~1\wlserver\server\lib\weblogic_sp.jar;C:\Oracle\MIDDLE~1\ORACLE~1\wlserver\server\lib\weblogic.jar;C:\Oracle\MIDDLE~1\ORACLE~1\oracle_common\modules\net.sf.antcontrib_1.1.0.0_1-0b3\lib\ant-contrib.jar;C:\Oracle\MIDDLE~1\ORACLE~1\wlserver\modules\features\oracle.wls.common.nodemanager_2.0.0.0.jar;C:\Oracle\MIDDLE~1\ORACLE~1\osb\lib\modules\OR8BBA~1.JAR;C:\Oracle\MIDDLE~1\ORACLE~1\osb\lib\modules\OR56BA~1.JAR;C:\Oracle\MIDDLE~1\ORACLE~1\wlserver\server\lib\weblogic.jar;C:\Oracle\MIDDLE~1\ORACLE~1\oep\common\modules\COMBEA~2.JAR
PATH=;C:\Oracle\MIDDLE~1\ORACLE~1\wlserver\server\native\win\x64;C:\Oracle\MIDDLE~1\ORACLE~1\wlserver\server\bin;C:\Oracle\MIDDLE~1\ORACLE~1\oracle_common\modules\org.apache.ant_1.9.2\bin;C:\Java8\jre\bin;C:\Java8\bin;C:\Ant196\bin;C:\PROGRA~3\Oracle\Java\javapath;C:\Oracle\ORACLE~1\product\121~1.0\dbhome_3\BIN;C:\Windows\System32;C:\Windows;C:\Windows\System32\wbem;C:\Windows\System32\WINDOW~1\v1.0\;C:\Ant196\bin;C:\Maven339\bin;C:\WorkArea\DOWNLO~1\BITVIS~1;C:\PROGRA~1\TORTOI~1\bin;C:\Oracle\MIDDLE~1\ORACLE~1\wlserver\server\native\win\x64\oci920_8;C:\Oracle\MIDDLE~1\ORACLE~1\oracle_common\modules\org.apache.maven_3.0.5\bin
USERNAME=AWLT10635$
OS=Windows_NT
PROCESSOR_IDENTIFIER=Intel64 Family 6 Model 61 Stepping 4, GenuineIntel



---------------  S Y S T E M  ---------------

OS: Windows 7 , 64 bit Build 7601 (6.1.7601.19135)

CPU:total 4 (2 cores per cpu, 2 threads per core) family 6 model 61 stepping 4, cmov, cx8, fxsr, mmx, sse, sse2, sse3, ssse3, sse4.1, sse4.2, popcnt, avx, avx2, aes, clmul, erms, 3dnowpref, lzcnt, ht, tsc, tscinvbit, bmi1, bmi2, adx

Memory: 4k page, physical 16478576k(8862796k free), swap 32955316k(24495092k free)

vm_info: Java HotSpot(TM) 64-Bit Server VM (25.65-b01) for windows-amd64 JRE (1.8.0_65-b17), built on Oct  6 2015 16:39:20 by "java_re" with MS VC++ 10.0 (VS2010)

time: Tue Oct 18 10:07:20 2016
elapsed time: 196 seconds (0d 0h 3m 16s)

